

<!DOCTYPE html>
<html>
<head>
<meta charset="utf-8">
<meta name="viewport" content="width=device-width, initial-scale=1, shrink-to-fit=no">
<title>MyStoreProject</title>
<link rel="apple-touch-icon" href="https://cdn.jsdelivr.net/gh/extent-framework/extent-github-cdn@b00a2d0486596e73dd7326beacf352c639623a0e/commons/img/logo.png">
<link rel="shortcut icon" href="https://cdn.jsdelivr.net/gh/extent-framework/extent-github-cdn@b00a2d0486596e73dd7326beacf352c639623a0e/commons/img/logo.png">
<link href="https://cdn.jsdelivr.net/gh/extent-framework/extent-github-cdn@c43b89d03a7c43dae8bb8f0f078bad1997af6b3b/spark/css/spark-style.css" rel="stylesheet" />
<link href="https://stackpath.bootstrapcdn.com/font-awesome/4.7.0/css/font-awesome.min.css" rel="stylesheet">
<script src="https://cdn.rawgit.com/extent-framework/extent-github-cdn/7cc78ce/spark/js/jsontree.js"></script>
<style type="text/css"></style></head><body class="spa bdd-report standard">
  <div class="app">
    <div class="layout">
<div class="header navbar">
<div class="vheader">
<div class="nav-logo">
<a href="#">
<div class="logo" style="background-image: url('https://cdn.jsdelivr.net/gh/extent-framework/extent-github-cdn@b00a2d0486596e73dd7326beacf352c639623a0e/commons/img/logo.png')"></div>
</a>
</div>
<ul class="nav-left">
<li class="search-box">
<a class="search-toggle" href="#">
<i class="search-icon fa fa-search"></i>
<i class="search-icon-close fa fa-close"></i>
</a>
</li>
<li class="search-input"><input id="search-tests" class="form-control" type="text" placeholder="Search..."></li>
</ul>
<ul class="nav-right">
<li class="m-r-10">
<a href="#"><span class="badge badge-primary">MyStoreProject Report
<img src='E:/EcommerceApplicationAutomation/EcomAutomation/logo.png' width='10' height='10'/>
</span></a>
</li>
<li class="m-r-10">
<a href="#"><span class="badge badge-primary">Apr 26, 2022 10:18:21 AM</span></a>
</li>
</ul>
</div>
</div><div class="side-nav">
<div class="side-nav-inner">
<ul class="side-nav-menu">
<li class="nav-item dropdown" onclick="toggleView('dashboard-view')">
<a id="nav-dashboard" class="dropdown-toggle" href="#">
<span class="ico"><i class="fa fa-bar-chart"></i></span>
</a>
</li>
<li class="nav-item dropdown" onclick="toggleView('test-view')">
<a id="nav-test" class="dropdown-toggle" href="#">
<span class="ico"><i class="fa fa-list"></i></span>
</a>
</li>
<li class="nav-item dropdown" onclick="toggleView('category-view')">
<a id="nav-category" class="dropdown-toggle" href="#">
<span class="ico"><i class="fa fa-tag"></i></span>
</a>
</li>
<li class="nav-item dropdown" onclick="toggleView('exception-view')">
<a id="nav-exception" class="dropdown-toggle" href="#">
<span class="ico"><i class="fa fa-bug"></i></span>
</a>
</li>
</ul>
</div>
</div>      <div class="vcontainer">
        <div class="main-content">
<div class="container-fluid p-4 view dashboard-view">
<div class="row">
<div class="col-md-3">
<div class="card"><div class="card-body">
<p class="m-b-0">Started</p>
<h3>Apr 26, 2022 10:18:21 AM</h3>
</div></div>
</div>
<div class="col-md-3">
<div class="card"><div class="card-body">
<p class="m-b-0">Ended</p>
<h3>Apr 26, 2022 10:20:52 AM</h3>
</div></div>
</div>
<div class="col-md-3">
<div class="card"><div class="card-body">
<p class="m-b-0 text-pass">Features Passed</p>
<h3>2</h3>
</div></div>
</div>
<div class="col-md-3">
<div class="card"><div class="card-body">
<p class="m-b-0 text-fail">Features Failed</p>
<h3>2</h3>
</div></div>
</div>
</div>
<div class="row">
<div class="col-md-4">
<div class="card">
<div class="card-header">
<h6 class="card-title">Features</h6>
</div>
<div class="card-body">
<div class="">
<canvas id='parent-analysis' width='115' height='90'></canvas>
</div>
</div>
<div class="card-footer">
<div><small data-tooltip='50%'>
<b>2</b> features passed
</small>
</div>
<div>
<small data-tooltip='50%'><b>2</b> features failed,
<b>0</b> skipped, <b data-tooltip='0%'>0</b> others
</small>
</div>
</div>
</div>
</div>
<div class="col-md-4">
<div class="card">
<div class="card-header">
<h6 class="card-title">Scenarios</h6>
</div>
<div class="card-body">
<div class="">
<canvas id='child-analysis' width='115' height='90'></canvas>
</div>
</div>
<div class="card-footer">
<div><small data-tooltip='72%'><b>8</b> scenarios passed</small></div>
<div>
<small data-tooltip='27%'><b>3</b> scenarios failed,
<b>0</b> skipped, <b data-tooltip='%'>0</b> others
</small>
</div>
</div>
</div>
</div>
<div class="col-md-4">
<div class="card">
<div class="card-header">
<h6 class="card-title">Steps</h6>
</div>
<div class="card-body">
<div class="">
<canvas id='grandchild-analysis' width='115' height='90'></canvas>
</div>
</div>
<div class="card-footer">
<div><small data-tooltip='92%'><b>49</b> steps passed</small></div>
<div>
<small data-tooltip='5%'><b>3</b> steps failed,
<b>1</b> skipped, <b data-tooltip='%'>0</b> others
</small>
</div>
</div>
</div>
</div>
</div>
<div class="row"><div class="col-md-12">
<div class="card"><div class="card-header"><p>Timeline</p></div>
<div class="card-body pt-0"><div>
<canvas id="timeline" height="120"></canvas>
</div></div>
</div>
</div></div>
<script>
var timeline = {
"Login Functionality Feature":43.66,"Order functionality Scenarios":42.554,"Registration functionality scenarios":46.011,"Search functionality feature":18.126
};
</script>
<div class="row">
<div class="col-md-4 category-container">
<div class="card">
<div class="card-header"><p>Tags</p></div>
<div class="card-body pb-0 pt-0"><table class="table table-sm table-bordered">
<thead><tr class="bg-gray"><th>Name</th><th>Passed</th><th>Failed</th><th>Skipped</th><th>Others</th><th>Passed %</th></tr></thead><tbody>
<tr>
<td>@Two</td>
<td>0</td>
<td>1</td>
<td>0</td>
<td>0</td>
<td>0%</td>
</tr>
<tr>
<td>@Register</td>
<td>0</td>
<td>2</td>
<td>0</td>
<td>0</td>
<td>0%</td>
</tr>
</tbody>
</table></div>
</div>
</div>
<div class="col-md-4 sysenv-container">
<div class="card">
<div class="card-header"><p>System/Environment</p></div>
<div class="card-body pb-0 pt-0"><table class="table table-sm table-bordered">
<thead><tr class="bg-gray"><th>Name</th><th>Value</th></tr></thead>
<tbody>
<tr>
<td>build</td>
<td>1.1</td>
</tr>
<tr>
<td>user</td>
<td>Naveen</td>
</tr>
<tr>
<td>AppName</td>
<td>AutomationPractice</td>
</tr>
<tr>
<td>os</td>
<td>Mac</td>
</tr>
</tbody>
</table></div>
</div>
</div>
</div>
</div>
<script>
var statusGroup = {
parentCount: 5,
passParent: 2,
failParent: 2,
warningParent: 0,
skipParent: 0,
childCount: 5,
passChild: 8,
failChild: 3,
warningChild: 0,
skipChild: 0,
infoChild: 0,
grandChildCount: 5,
passGrandChild: 49,
failGrandChild: 3,
warningGrandChild: 0,
skipGrandChild: 1,
infoGrandChild: 0,
eventsCount: 5,
};
</script><div class="test-wrapper row view test-view">
  <div class="test-list">
    <div class="test-list-tools">
<ul class="tools pull-left">
<li><a href="#"><span class="font-size-14">Tests</span></a></li>
</ul>
<ul class="tools text-right">
<li class="dropdown">
<a href="#" class="dropdown-toggle" data-toggle="dropdown"><i class="fa fa-exclamation-circle"></i></a>
<ul id="status-toggle" class="dropdown-menu dropdown-md p-v-0">
<a class="dropdown-item" status="pass" href="#"><span>Pass</span><span class="status success"></span></a>
<a class="dropdown-item" status="fail" href="#"><span>Fail</span><span class="status danger"></span></a>
<div class="dropdown-divider"></div>
<a status="clear" class="dropdown-item" href="#"><span>Clear</span><span class="pull-right"><i class="fa fa-close"></i></span></a>
</ul>
</li>
<li class="dropdown">
<a href="#" class="dropdown-toggle" data-toggle="dropdown"><i class="fa fa-tag"></i></a>
<ul id="tag-toggle" class="dropdown-menu dropdown-md p-v-0">
<a class="dropdown-item" href="#">@Two</a><a class="dropdown-item" href="#">@Register</a>
</ul>
</li>
</ul>
</div>    <div class="test-list-wrapper scrollable">
      <ul class="test-list-item">
        <li class="test-item"  status="pass" test-id="1"
          author=""
          tag=""
          device="">
          <div class="test-detail">
            <p class="name">Login Functionality Feature</p>
            <p class="text-sm">
              <span>10:18:21 AM</span> / <span>00:00:43:660</span>
              <span class="badge pass-bg log float-right">Pass</span>
            </p>
          </div>
          <div class="test-contents d-none">
<div class="detail-head">
<div class="p-v-10">
<div class="info">
<h5 class="test-status text-pass">Login Functionality Feature</h5>
<span class='badge badge-success'>04.26.2022 10:18:21</span>
<span class='badge badge-danger'>04.26.2022 10:19:05</span>
<span class='badge badge-default'>00:00:43:660</span>
&middot; <span class='uri-anchor badge badge-default'>#test-id=1</span>
</div>
<div class="m-t-10 m-l-5"></div>
</div>
</div>
<div class="accordion mt-4">
  <div class="card">
    <div class="card-header" role="tab">
      <div class="card-title">
        <div class="node" id="2"><span class="badge log pass-bg mr-2">Pass</span>Verify whether the user is able to login with valid credentials</div>
      </div>
    </div>
        <div class="collapse">
          <div class="card-body">
              <div class="step pass-bg" title="com.tutorialsninja.automation.stepdef.Register.i_launch_the_application()">
                <span>Given I launch the application</span>
      <div>
      </div>
              </div>
              <div class="step pass-bg" title="com.tutorialsninja.automation.stepdef.Login.i_navigate_to_login_page()">
                <span>And I navigate to login page</span>
      <div>
      </div>
              </div>
              <div class="step pass-bg" title="com.tutorialsninja.automation.stepdef.Login.i_login_to_application_using_username_something_and_password_something(java.lang.String,java.lang.String)">
                <span>When I Login to application using username "tusharnangre5446@gmail.com" and password "tushar1234"</span>
      <div>
      </div>
              </div>
              <div class="step pass-bg" title="com.tutorialsninja.automation.stepdef.Login.i_should_see_that_user_is_able_to_login_successfully()">
                <span>Then I should see that user is able to login successfully</span>
      <div>
      </div>
              </div>
          </div>
        </div>
  </div>
  <div class="card">
    <div class="card-header" role="tab">
      <div class="card-title">
        <div class="node" id="9"><span class="badge log pass-bg mr-2">Pass</span>Verify whether user is able to login with invalid credentials</div>
      </div>
    </div>
        <div class="collapse">
          <div class="card-body">
              <div class="step pass-bg" title="com.tutorialsninja.automation.stepdef.Register.i_launch_the_application()">
                <span>Given I launch the application</span>
      <div>
      </div>
              </div>
              <div class="step pass-bg" title="com.tutorialsninja.automation.stepdef.Login.i_navigate_to_login_page()">
                <span>And I navigate to login page</span>
      <div>
      </div>
              </div>
              <div class="step pass-bg" title="com.tutorialsninja.automation.stepdef.Login.i_login_to_application_using_username_something_and_password_something(java.lang.String,java.lang.String)">
                <span>When I Login to application using username "tusharnangre5446@gmail.com" and password "tushartest"</span>
      <div>
      </div>
              </div>
              <div class="step pass-bg" title="com.tutorialsninja.automation.stepdef.Login.i_should_see_validation_message_for_incorrect_credentials()">
                <span>Then I should see validation message for incorrect credentials</span>
      <div>
      </div>
              </div>
          </div>
        </div>
  </div>
  <div class="card">
    <div class="card-header" role="tab">
      <div class="card-title">
        <div class="node" id="16"><span class="badge log pass-bg mr-2">Pass</span>Verify whether user is able to login without providing credentials</div>
      </div>
    </div>
        <div class="collapse">
          <div class="card-body">
              <div class="step pass-bg" title="com.tutorialsninja.automation.stepdef.Register.i_launch_the_application()">
                <span>Given I launch the application</span>
      <div>
      </div>
              </div>
              <div class="step pass-bg" title="com.tutorialsninja.automation.stepdef.Login.i_navigate_to_login_page()">
                <span>And I navigate to login page</span>
      <div>
      </div>
              </div>
              <div class="step pass-bg" title="com.tutorialsninja.automation.stepdef.Login.i_login_to_application_using_username_something_and_password_something(java.lang.String,java.lang.String)">
                <span>When I Login to application using username "" and password ""</span>
      <div>
      </div>
              </div>
              <div class="step pass-bg" title="com.tutorialsninja.automation.stepdef.Login.i_should_see_validation_message_for_incorrect_credentials()">
                <span>Then I should see validation message for incorrect credentials</span>
      <div>
      </div>
              </div>
          </div>
        </div>
  </div>
  <div class="card">
    <div class="card-header" role="tab">
      <div class="card-title">
        <div class="node" id="23"><span class="badge log pass-bg mr-2">Pass</span>Verify whether user is able to reset the forgotten password</div>
      </div>
    </div>
        <div class="collapse">
          <div class="card-body">
              <div class="step pass-bg" title="com.tutorialsninja.automation.stepdef.Register.i_launch_the_application()">
                <span>Given I launch the application</span>
      <div>
      </div>
              </div>
              <div class="step pass-bg" title="com.tutorialsninja.automation.stepdef.Login.i_navigate_to_login_page()">
                <span>And I navigate to login page</span>
      <div>
      </div>
              </div>
              <div class="step pass-bg" title="com.tutorialsninja.automation.stepdef.Login.i_reset_the_forgotten_password_for_email(java.lang.String)">
                <span>When I reset the forgotten password for email "tusharnangre5446@gmail.com"</span>
      <div>
      </div>
              </div>
              <div class="step pass-bg" title="com.tutorialsninja.automation.stepdef.Login.i_should_see_a_message_informing_the_user_that_information_related_to_resetting_password_have_been_sent_to_email_address()">
                <span>Then I should see a message informing the user that information related to resetting password have been sent to email address</span>
      <div>
      </div>
              </div>
          </div>
        </div>
  </div>
</div>
          </div>
        </li>
        <li class="test-item"  status="fail" test-id="30"
          author=""
          tag=""
          device="">
          <div class="test-detail">
            <p class="name">Order functionality Scenarios</p>
            <p class="text-sm">
              <span>10:19:05 AM</span> / <span>00:00:42:554</span>
              <span class="badge fail-bg log float-right">Fail</span>
            </p>
          </div>
          <div class="test-contents d-none">
<div class="detail-head">
<div class="p-v-10">
<div class="info">
<h5 class="test-status text-fail">Order functionality Scenarios</h5>
<span class='badge badge-success'>04.26.2022 10:19:05</span>
<span class='badge badge-danger'>04.26.2022 10:19:47</span>
<span class='badge badge-default'>00:00:42:554</span>
&middot; <span class='uri-anchor badge badge-default'>#test-id=30</span>
</div>
<div class="m-t-10 m-l-5"></div>
</div>
</div>
<div class="accordion mt-4">
  <div class="card">
    <div class="card-header" role="tab">
      <div class="card-title">
        <div class="node" id="31"><span class="badge log fail-bg mr-2">Fail</span>Verify whether user is able to place an order</div>
          <div class="status-avatar float-right mr-4">
            <i class="fa fa-paperclip"></i>
          </div>
      </div>
    </div>
        <div class="">
          <div class="card-body">
              <div class="step pass-bg" title="com.tutorialsninja.automation.stepdef.Order.i_login_to_the_application()">
                <span>Given I login to the application</span>
      <div>
      </div>
              </div>
              <div class="step pass-bg" title="com.tutorialsninja.automation.stepdef.Order.i_add_any_product_to_Bag_and_checkout()">
                <span>When I add any product to Bag and checkout</span>
      <div>
      </div>
              </div>
              <div class="step fail-bg" title="com.tutorialsninja.automation.stepdef.Order.i_place_an_order()">
                <span>And I place an order</span>
      <div>
        <textarea disabled class="code-block">org.openqa.selenium.TimeoutException: Expected condition failed: waiting for com.tutorialsninja.automation.framework.Waits$$Lambda$417/209845522@4aa11206 (tried for 30 second(s) with 500 milliseconds interval)
	at org.openqa.selenium.support.ui.WebDriverWait.timeoutException(WebDriverWait.java:95)
	at org.openqa.selenium.support.ui.FluentWait.until(FluentWait.java:272)
	at com.tutorialsninja.automation.framework.Waits.waitUntil(Waits.java:81)
	at com.tutorialsninja.automation.framework.Waits.waitUntil(Waits.java:85)
	at com.tutorialsninja.automation.framework.Elements.click(Elements.java:146)
	at com.tutorialsninja.automation.pages.CheckoutPage.placeAnOrder(CheckoutPage.java:36)
	at com.tutorialsninja.automation.stepdef.Order.i_place_an_order(Order.java:47)
	at ?.I place an order(classpath:FeatureFiles//Order.feature:7)
Caused by: org.openqa.selenium.NoSuchElementException: no such element: Unable to locate element: {"method":"css selector","selector":"#button\-payment\-address"}
  (Session info: chrome=100.0.4896.127)
For documentation on this error, please visit: https://www.seleniumhq.org/exceptions/no_such_element.html
Build info: version: '3.141.59', revision: 'e82be7d358', time: '2018-11-14T08:17:03'
System info: host: '7USHAR', ip: '172.29.40.92', os.name: 'Windows 10', os.arch: 'amd64', os.version: '10.0', java.version: '1.8.0_271'
Driver info: org.openqa.selenium.chrome.ChromeDriver
Capabilities {acceptInsecureCerts: false, browserName: chrome, browserVersion: 100.0.4896.127, chrome: {chromedriverVersion: 100.0.4896.60 (6a5d10861ce8..., userDataDir: C:\Users\USER\AppData\Local...}, goog:chromeOptions: {debuggerAddress: localhost:49840}, javascriptEnabled: true, networkConnectionEnabled: false, pageLoadStrategy: normal, platform: WINDOWS, platformName: WINDOWS, proxy: Proxy(), setWindowRect: true, strictFileInteractability: false, timeouts: {implicit: 0, pageLoad: 300000, script: 30000}, unhandledPromptBehavior: dismiss and notify, webauthn:extension:credBlob: true, webauthn:extension:largeBlob: true, webauthn:virtualAuthenticators: true}
Session ID: 875eeca961cd55d7bbeb6b97f24b15df
*** Element info: {Using=id, value=button-payment-address}
	at sun.reflect.GeneratedConstructorAccessor18.newInstance(Unknown Source)
	at sun.reflect.DelegatingConstructorAccessorImpl.newInstance(DelegatingConstructorAccessorImpl.java:45)
	at java.lang.reflect.Constructor.newInstance(Constructor.java:423)
	at org.openqa.selenium.remote.http.W3CHttpResponseCodec.createException(W3CHttpResponseCodec.java:187)
	at org.openqa.selenium.remote.http.W3CHttpResponseCodec.decode(W3CHttpResponseCodec.java:122)
	at org.openqa.selenium.remote.http.W3CHttpResponseCodec.decode(W3CHttpResponseCodec.java:49)
	at org.openqa.selenium.remote.HttpCommandExecutor.execute(HttpCommandExecutor.java:158)
	at org.openqa.selenium.remote.service.DriverCommandExecutor.execute(DriverCommandExecutor.java:83)
	at org.openqa.selenium.remote.RemoteWebDriver.execute(RemoteWebDriver.java:552)
	at org.openqa.selenium.remote.RemoteWebDriver.findElement(RemoteWebDriver.java:323)
	at org.openqa.selenium.remote.RemoteWebDriver.findElementById(RemoteWebDriver.java:372)
	at org.openqa.selenium.By$ById.findElement(By.java:188)
	at org.openqa.selenium.remote.RemoteWebDriver.findElement(RemoteWebDriver.java:315)
	at org.openqa.selenium.support.pagefactory.DefaultElementLocator.findElement(DefaultElementLocator.java:69)
	at org.openqa.selenium.support.pagefactory.internal.LocatingElementHandler.invoke(LocatingElementHandler.java:38)
	at com.sun.proxy.$Proxy21.isDisplayed(Unknown Source)
	at com.tutorialsninja.automation.framework.Elements.isDisplayed(Elements.java:95)
	at com.tutorialsninja.automation.framework.Elements.lambda$click$0(Elements.java:146)
	at com.tutorialsninja.automation.framework.Waits.lambda$waitUntil$0(Waits.java:81)
	at org.openqa.selenium.support.ui.FluentWait.until(FluentWait.java:249)
	at com.tutorialsninja.automation.framework.Waits.waitUntil(Waits.java:81)
	at com.tutorialsninja.automation.framework.Waits.waitUntil(Waits.java:85)
	at com.tutorialsninja.automation.framework.Elements.click(Elements.java:146)
	at com.tutorialsninja.automation.pages.CheckoutPage.placeAnOrder(CheckoutPage.java:36)
	at com.tutorialsninja.automation.stepdef.Order.i_place_an_order(Order.java:47)
	at sun.reflect.NativeMethodAccessorImpl.invoke0(Native Method)
	at sun.reflect.NativeMethodAccessorImpl.invoke(NativeMethodAccessorImpl.java:62)
	at sun.reflect.DelegatingMethodAccessorImpl.invoke(DelegatingMethodAccessorImpl.java:43)
	at java.lang.reflect.Method.invoke(Method.java:498)
	at io.cucumber.java.Invoker.doInvoke(Invoker.java:66)
	at io.cucumber.java.Invoker.invoke(Invoker.java:24)
	at io.cucumber.java.AbstractGlueDefinition.invokeMethod(AbstractGlueDefinition.java:47)
	at io.cucumber.java.JavaStepDefinition.execute(JavaStepDefinition.java:29)
	at io.cucumber.core.runner.CoreStepDefinition.execute(CoreStepDefinition.java:66)
	at io.cucumber.core.runner.PickleStepDefinitionMatch.runStep(PickleStepDefinitionMatch.java:63)
	at io.cucumber.core.runner.ExecutionMode$1.execute(ExecutionMode.java:10)
	at io.cucumber.core.runner.TestStep.executeStep(TestStep.java:92)
	at io.cucumber.core.runner.TestStep.run(TestStep.java:64)
	at io.cucumber.core.runner.PickleStepTestStep.run(PickleStepTestStep.java:51)
	at io.cucumber.core.runner.TestCase.run(TestCase.java:104)
	at io.cucumber.core.runner.Runner.runPickle(Runner.java:71)
	at io.cucumber.junit.PickleRunners$NoStepDescriptions.run(PickleRunners.java:151)
	at io.cucumber.junit.FeatureRunner.runChild(FeatureRunner.java:135)
	at io.cucumber.junit.FeatureRunner.runChild(FeatureRunner.java:27)
	at org.junit.runners.ParentRunner$4.run(ParentRunner.java:331)
	at org.junit.runners.ParentRunner$1.schedule(ParentRunner.java:79)
	at org.junit.runners.ParentRunner.runChildren(ParentRunner.java:329)
	at org.junit.runners.ParentRunner.access$100(ParentRunner.java:66)
	at org.junit.runners.ParentRunner$2.evaluate(ParentRunner.java:293)
	at org.junit.runners.ParentRunner$3.evaluate(ParentRunner.java:306)
	at org.junit.runners.ParentRunner.run(ParentRunner.java:413)
	at io.cucumber.junit.Cucumber.runChild(Cucumber.java:199)
	at io.cucumber.junit.Cucumber.runChild(Cucumber.java:90)
	at org.junit.runners.ParentRunner$4.run(ParentRunner.java:331)
	at org.junit.runners.ParentRunner$1.schedule(ParentRunner.java:79)
	at org.junit.runners.ParentRunner.runChildren(ParentRunner.java:329)
	at org.junit.runners.ParentRunner.access$100(ParentRunner.java:66)
	at org.junit.runners.ParentRunner$2.evaluate(ParentRunner.java:293)
	at io.cucumber.junit.Cucumber$RunCucumber.evaluate(Cucumber.java:234)
	at org.junit.runners.ParentRunner$3.evaluate(ParentRunner.java:306)
	at org.junit.runners.ParentRunner.run(ParentRunner.java:413)
	at org.junit.runner.JUnitCore.run(JUnitCore.java:137)
	at org.junit.runner.JUnitCore.run(JUnitCore.java:115)
	at org.testng.junit.JUnit4TestRunner.start(JUnit4TestRunner.java:82)
	at org.testng.junit.JUnit4TestRunner.run(JUnit4TestRunner.java:70)
	at org.testng.TestRunner$1.run(TestRunner.java:570)
	at org.testng.TestRunner.runJUnitWorkers(TestRunner.java:717)
	at org.testng.TestRunner.privateRunJUnit(TestRunner.java:601)
	at org.testng.TestRunner.run(TestRunner.java:502)
	at org.testng.SuiteRunner.runTest(SuiteRunner.java:455)
	at org.testng.SuiteRunner.runSequentially(SuiteRunner.java:450)
	at org.testng.SuiteRunner.privateRun(SuiteRunner.java:415)
	at org.testng.SuiteRunner.run(SuiteRunner.java:364)
	at org.testng.SuiteRunnerWorker.runSuite(SuiteRunnerWorker.java:52)
	at org.testng.SuiteRunnerWorker.run(SuiteRunnerWorker.java:84)
	at org.testng.TestNG.runSuitesSequentially(TestNG.java:1208)
	at org.testng.TestNG.runSuitesLocally(TestNG.java:1137)
	at org.testng.TestNG.runSuites(TestNG.java:1049)
	at org.testng.TestNG.run(TestNG.java:1017)
	at org.apache.maven.surefire.testng.TestNGExecutor.run(TestNGExecutor.java:135)
	at org.apache.maven.surefire.testng.TestNGDirectoryTestSuite.executeSingleClass(TestNGDirectoryTestSuite.java:112)
	at org.apache.maven.surefire.testng.TestNGDirectoryTestSuite.executeLazy(TestNGDirectoryTestSuite.java:123)
	at org.apache.maven.surefire.testng.TestNGDirectoryTestSuite.execute(TestNGDirectoryTestSuite.java:90)
	at org.apache.maven.surefire.testng.TestNGProvider.invoke(TestNGProvider.java:146)
	at org.apache.maven.surefire.booter.ForkedBooter.invokeProviderInSameClassLoader(ForkedBooter.java:384)
	at org.apache.maven.surefire.booter.ForkedBooter.runSuitesInProcess(ForkedBooter.java:345)
	at org.apache.maven.surefire.booter.ForkedBooter.execute(ForkedBooter.java:126)
	at org.apache.maven.surefire.booter.ForkedBooter.main(ForkedBooter.java:418)
</textarea>
      
      </div>
              </div>
              <div class="step skip-bg" title="com.tutorialsninja.automation.stepdef.Order.i_should_see_that_the_order_is_placed_successfully()">
                <span>Then I should see that the order is placed successfully</span>
      <div>Step skipped
      </div>
              </div>
              <div class="step pass-bg" title="AFTER">
                <span>com.tutorialsninja.automation.stepdef.Hooks.closeBrowser(io.cucumber.java.Scenario)</span>
      <div>Verify whether user is able to place an order
          <div class="row mb-3"><div class="col-md-3">
    <img data-featherlight='../embedded1.png' src="../embedded1.png">
    
    </div></div>
</div>
      <div>
      </div>
              </div>
          </div>
        </div>
  </div>
</div>
          </div>
        </li>
        <li class="test-item"  status="fail" test-id="38"
          author=""
          tag=""
          device="">
          <div class="test-detail">
            <p class="name">Registration functionality scenarios</p>
            <p class="text-sm">
              <span>10:19:47 AM</span> / <span>00:00:46:011</span>
              <span class="badge fail-bg log float-right">Fail</span>
            </p>
          </div>
          <div class="test-contents d-none">
<div class="detail-head">
<div class="p-v-10">
<div class="info">
<h5 class="test-status text-fail">Registration functionality scenarios</h5>
<span class='badge badge-success'>04.26.2022 10:19:47</span>
<span class='badge badge-danger'>04.26.2022 10:20:33</span>
<span class='badge badge-default'>00:00:46:011</span>
&middot; <span class='uri-anchor badge badge-default'>#test-id=38</span>
</div>
<div class="m-t-10 m-l-5"></div>
</div>
</div>
<div class="accordion mt-4">
  <div class="card">
    <div class="card-header" role="tab">
      <div class="card-title">
        <div class="node" id="39"><span class="badge log fail-bg mr-2">Fail</span>Verify whether the user is able to register into the application by providing all the fields</div>
          <div class="status-avatar float-right mr-4">
            <i class="fa fa-paperclip"></i>
          </div>
      </div>
    </div>
        <div class="">
          <div class="card-body">
              <div class="step pass-bg" title="com.tutorialsninja.automation.stepdef.Register.i_launch_the_application()">
                <span>Given I launch the application</span>
      <div>
      </div>
              </div>
              <div class="step pass-bg" title="com.tutorialsninja.automation.stepdef.Register.i_navigate_to_Account_Registration_page()">
                <span>And I navigate to Account Registration page</span>
      <div>
      </div>
              </div>
              <div class="step pass-bg" title="com.tutorialsninja.automation.stepdef.Register.i_provide_all_the_below_valid_details(io.cucumber.datatable.DataTable)">
                <span>When I provide all the below valid details</span>
      <div><table class='markup-table table '><tr><td>FirstName</td><td>Tushar</td></tr><tr><td>LastName</td><td>Nangare-Patil</td></tr><tr><td>Email</td><td>tusharnangre5446@gmail.com</td></tr><tr><td>Telephone</td><td>8380802646</td></tr><tr><td>Password</td><td>tushar1234</td></tr></table>
      </div>
      <div>
      </div>
              </div>
              <div class="step pass-bg" title="com.tutorialsninja.automation.stepdef.Register.i_select_the_Privacy_Policy()">
                <span>And I select the Privacy Policy</span>
      <div>
      </div>
              </div>
              <div class="step pass-bg" title="com.tutorialsninja.automation.stepdef.Register.i_click_on_Continue_button()">
                <span>And I click on Continue button</span>
      <div>
      </div>
              </div>
              <div class="step fail-bg" title="com.tutorialsninja.automation.stepdef.Register.i_should_see_that_the_User_Account_has_successfully_created()">
                <span>Then I should see that the User Account has successfully created</span>
      <div>
        <textarea disabled class="code-block">org.openqa.selenium.NoSuchElementException: no such element: Unable to locate element: {"method":"link text","selector":"Success"}
  (Session info: chrome=100.0.4896.127)
For documentation on this error, please visit: https://www.seleniumhq.org/exceptions/no_such_element.html
Build info: version: '3.141.59', revision: 'e82be7d358', time: '2018-11-14T08:17:03'
System info: host: '7USHAR', ip: '172.29.40.92', os.name: 'Windows 10', os.arch: 'amd64', os.version: '10.0', java.version: '1.8.0_271'
Driver info: org.openqa.selenium.chrome.ChromeDriver
Capabilities {acceptInsecureCerts: false, browserName: chrome, browserVersion: 100.0.4896.127, chrome: {chromedriverVersion: 100.0.4896.60 (6a5d10861ce8..., userDataDir: C:\Users\USER\AppData\Local...}, goog:chromeOptions: {debuggerAddress: localhost:49871}, javascriptEnabled: true, networkConnectionEnabled: false, pageLoadStrategy: normal, platform: WINDOWS, platformName: WINDOWS, proxy: Proxy(), setWindowRect: true, strictFileInteractability: false, timeouts: {implicit: 0, pageLoad: 300000, script: 30000}, unhandledPromptBehavior: dismiss and notify, webauthn:extension:credBlob: true, webauthn:extension:largeBlob: true, webauthn:virtualAuthenticators: true}
Session ID: 8161e4a34fbea3c62019ebb68127544a
*** Element info: {Using=link text, value=Success}
	at sun.reflect.GeneratedConstructorAccessor18.newInstance(Unknown Source)
	at sun.reflect.DelegatingConstructorAccessorImpl.newInstance(DelegatingConstructorAccessorImpl.java:45)
	at java.lang.reflect.Constructor.newInstance(Constructor.java:423)
	at org.openqa.selenium.remote.http.W3CHttpResponseCodec.createException(W3CHttpResponseCodec.java:187)
	at org.openqa.selenium.remote.http.W3CHttpResponseCodec.decode(W3CHttpResponseCodec.java:122)
	at org.openqa.selenium.remote.http.W3CHttpResponseCodec.decode(W3CHttpResponseCodec.java:49)
	at org.openqa.selenium.remote.HttpCommandExecutor.execute(HttpCommandExecutor.java:158)
	at org.openqa.selenium.remote.service.DriverCommandExecutor.execute(DriverCommandExecutor.java:83)
	at org.openqa.selenium.remote.RemoteWebDriver.execute(RemoteWebDriver.java:552)
	at org.openqa.selenium.remote.RemoteWebDriver.findElement(RemoteWebDriver.java:323)
	at org.openqa.selenium.remote.RemoteWebDriver.findElementByLinkText(RemoteWebDriver.java:380)
	at org.openqa.selenium.By$ByLinkText.findElement(By.java:220)
	at org.openqa.selenium.remote.RemoteWebDriver.findElement(RemoteWebDriver.java:315)
	at org.openqa.selenium.support.pagefactory.DefaultElementLocator.findElement(DefaultElementLocator.java:69)
	at org.openqa.selenium.support.pagefactory.internal.LocatingElementHandler.invoke(LocatingElementHandler.java:38)
	at com.sun.proxy.$Proxy21.getText(Unknown Source)
	at com.tutorialsninja.automation.framework.Elements.getText(Elements.java:44)
	at com.tutorialsninja.automation.stepdef.Register.i_should_see_that_the_User_Account_has_successfully_created(Register.java:52)
	at ?.I should see that the User Account has successfully created(classpath:FeatureFiles//Register.feature:15)
</textarea>
      
      </div>
              </div>
              <div class="step pass-bg" title="AFTER">
                <span>com.tutorialsninja.automation.stepdef.Hooks.closeBrowser(io.cucumber.java.Scenario)</span>
      <div>Verify whether the user is able to register into the application by providing all the fields
          <div class="row mb-3"><div class="col-md-3">
    <img data-featherlight='../embedded2.png' src="../embedded2.png">
    
    </div></div>
</div>
      <div>
      </div>
              </div>
          </div>
        </div>
  </div>
  <div class="card">
    <div class="card-header" role="tab">
      <div class="card-title">
        <div class="node" id="48"><span class="badge log pass-bg mr-2">Pass</span>Verify whether the user is allowed or not to register on skipping mandatory fields</div>
      </div>
    </div>
        <div class="collapse">
          <div class="card-body">
              <div class="step pass-bg" title="com.tutorialsninja.automation.stepdef.Register.i_launch_the_application()">
                <span>Given I launch the application</span>
      <div>
      </div>
              </div>
              <div class="step pass-bg" title="com.tutorialsninja.automation.stepdef.Register.i_navigate_to_Account_Registration_page()">
                <span>And I navigate to Account Registration page</span>
      <div>
      </div>
              </div>
              <div class="step pass-bg" title="com.tutorialsninja.automation.stepdef.Register.i_click_on_Continue_button()">
                <span>And I click on Continue button</span>
      <div>
      </div>
              </div>
              <div class="step pass-bg" title="com.tutorialsninja.automation.stepdef.Register.i_should_see_that_the_user_Account_is_not_created()">
                <span>Then I should see that the user Account is not created</span>
      <div>
      </div>
              </div>
              <div class="step pass-bg" title="com.tutorialsninja.automation.stepdef.Register.i_should_see_error_message_informing_the_user_to_fill_the_mandatory_fields()">
                <span>And I should see error message informing the user to fill the mandatory fields</span>
      <div>
      </div>
              </div>
          </div>
        </div>
  </div>
  <div class="card">
    <div class="card-header" role="tab">
      <div class="card-title">
        <div class="node" id="56"><span class="badge log fail-bg mr-2">Fail</span>Verify whether the user is able to register into application by opting for Newsletter subscription</div>
          <div class="status-avatar float-right mr-4">
            <i class="fa fa-paperclip"></i>
          </div>
      </div>
    </div>
        <div class="">
          <div class="card-body">
              <div class="step pass-bg" title="com.tutorialsninja.automation.stepdef.Register.i_launch_the_application()">
                <span>Given I launch the application</span>
      <div>
      </div>
              </div>
              <div class="step pass-bg" title="com.tutorialsninja.automation.stepdef.Register.i_navigate_to_Account_Registration_page()">
                <span>And I navigate to Account Registration page</span>
      <div>
      </div>
              </div>
              <div class="step pass-bg" title="com.tutorialsninja.automation.stepdef.Register.i_provide_all_the_below_valid_details(io.cucumber.datatable.DataTable)">
                <span>When I provide all the below valid details</span>
      <div><table class='markup-table table '><tr><td>FirstName</td><td>Tushar</td></tr><tr><td>LastName</td><td>Nangare-Patil</td></tr><tr><td>Email</td><td>tusharnangre5446@gmail.com</td></tr><tr><td>Telephone</td><td>8380802646</td></tr><tr><td>Password</td><td>tushar1234</td></tr></table>
      </div>
      <div>
      </div>
              </div>
              <div class="step pass-bg" title="com.tutorialsninja.automation.stepdef.Register.i_select_the_Privacy_Policy()">
                <span>And I select the Privacy Policy</span>
      <div>
      </div>
              </div>
              <div class="step pass-bg" title="com.tutorialsninja.automation.stepdef.Register.i_subscribe_to_newsletter()">
                <span>And I subscribe to newsletter</span>
      <div>
      </div>
              </div>
              <div class="step pass-bg" title="com.tutorialsninja.automation.stepdef.Register.i_click_on_Continue_button()">
                <span>And I click on Continue button</span>
      <div>
      </div>
              </div>
              <div class="step fail-bg" title="com.tutorialsninja.automation.stepdef.Register.i_should_see_that_the_User_Account_has_successfully_created()">
                <span>Then I should see that the User Account has successfully created</span>
      <div>
        <textarea disabled class="code-block">org.openqa.selenium.NoSuchElementException: no such element: Unable to locate element: {"method":"link text","selector":"Success"}
  (Session info: chrome=100.0.4896.127)
For documentation on this error, please visit: https://www.seleniumhq.org/exceptions/no_such_element.html
Build info: version: '3.141.59', revision: 'e82be7d358', time: '2018-11-14T08:17:03'
System info: host: '7USHAR', ip: '172.29.40.92', os.name: 'Windows 10', os.arch: 'amd64', os.version: '10.0', java.version: '1.8.0_271'
Driver info: org.openqa.selenium.chrome.ChromeDriver
Capabilities {acceptInsecureCerts: false, browserName: chrome, browserVersion: 100.0.4896.127, chrome: {chromedriverVersion: 100.0.4896.60 (6a5d10861ce8..., userDataDir: C:\Users\USER\AppData\Local...}, goog:chromeOptions: {debuggerAddress: localhost:49929}, javascriptEnabled: true, networkConnectionEnabled: false, pageLoadStrategy: normal, platform: WINDOWS, platformName: WINDOWS, proxy: Proxy(), setWindowRect: true, strictFileInteractability: false, timeouts: {implicit: 0, pageLoad: 300000, script: 30000}, unhandledPromptBehavior: dismiss and notify, webauthn:extension:credBlob: true, webauthn:extension:largeBlob: true, webauthn:virtualAuthenticators: true}
Session ID: a40939698fc103861d4f4a06326f41c9
*** Element info: {Using=link text, value=Success}
	at sun.reflect.GeneratedConstructorAccessor18.newInstance(Unknown Source)
	at sun.reflect.DelegatingConstructorAccessorImpl.newInstance(DelegatingConstructorAccessorImpl.java:45)
	at java.lang.reflect.Constructor.newInstance(Constructor.java:423)
	at org.openqa.selenium.remote.http.W3CHttpResponseCodec.createException(W3CHttpResponseCodec.java:187)
	at org.openqa.selenium.remote.http.W3CHttpResponseCodec.decode(W3CHttpResponseCodec.java:122)
	at org.openqa.selenium.remote.http.W3CHttpResponseCodec.decode(W3CHttpResponseCodec.java:49)
	at org.openqa.selenium.remote.HttpCommandExecutor.execute(HttpCommandExecutor.java:158)
	at org.openqa.selenium.remote.service.DriverCommandExecutor.execute(DriverCommandExecutor.java:83)
	at org.openqa.selenium.remote.RemoteWebDriver.execute(RemoteWebDriver.java:552)
	at org.openqa.selenium.remote.RemoteWebDriver.findElement(RemoteWebDriver.java:323)
	at org.openqa.selenium.remote.RemoteWebDriver.findElementByLinkText(RemoteWebDriver.java:380)
	at org.openqa.selenium.By$ByLinkText.findElement(By.java:220)
	at org.openqa.selenium.remote.RemoteWebDriver.findElement(RemoteWebDriver.java:315)
	at org.openqa.selenium.support.pagefactory.DefaultElementLocator.findElement(DefaultElementLocator.java:69)
	at org.openqa.selenium.support.pagefactory.internal.LocatingElementHandler.invoke(LocatingElementHandler.java:38)
	at com.sun.proxy.$Proxy21.getText(Unknown Source)
	at com.tutorialsninja.automation.framework.Elements.getText(Elements.java:44)
	at com.tutorialsninja.automation.stepdef.Register.i_should_see_that_the_User_Account_has_successfully_created(Register.java:52)
	at ?.I should see that the User Account has successfully created(classpath:FeatureFiles//Register.feature:37)
</textarea>
      
      </div>
              </div>
              <div class="step pass-bg" title="AFTER">
                <span>com.tutorialsninja.automation.stepdef.Hooks.closeBrowser(io.cucumber.java.Scenario)</span>
      <div>Verify whether the user is able to register into application by opting for Newsletter subscription
          <div class="row mb-3"><div class="col-md-3">
    <img data-featherlight='../embedded3.png' src="../embedded3.png">
    
    </div></div>
</div>
      <div>
      </div>
              </div>
          </div>
        </div>
  </div>
  <div class="card">
    <div class="card-header" role="tab">
      <div class="card-title">
        <div class="node" id="66"><span class="badge log pass-bg mr-2">Pass</span>Verify whether the user is restricted from creating a duplicate account</div>
      </div>
    </div>
        <div class="collapse">
          <div class="card-body">
              <div class="step pass-bg" title="com.tutorialsninja.automation.stepdef.Register.i_launch_the_application()">
                <span>Given I launch the application</span>
      <div>
      </div>
              </div>
              <div class="step pass-bg" title="com.tutorialsninja.automation.stepdef.Register.i_navigate_to_Account_Registration_page()">
                <span>And I navigate to Account Registration page</span>
      <div>
      </div>
              </div>
              <div class="step pass-bg" title="com.tutorialsninja.automation.stepdef.Register.i_provide_all_the_below_valid_details(io.cucumber.datatable.DataTable)">
                <span>When I provide all the below valid details</span>
      <div><table class='markup-table table '><tr><td>FirstName</td><td>Tushar</td></tr><tr><td>LastName</td><td>Nangare-Patil</td></tr><tr><td>Email</td><td>tusharnangre5446@gmail.com</td></tr><tr><td>Telephone</td><td>8380802646</td></tr><tr><td>Password</td><td>tushar1234</td></tr></table>
      </div>
      <div>
      </div>
              </div>
              <div class="step pass-bg" title="com.tutorialsninja.automation.stepdef.Register.i_select_the_Privacy_Policy()">
                <span>And I select the Privacy Policy</span>
      <div>
      </div>
              </div>
              <div class="step pass-bg" title="com.tutorialsninja.automation.stepdef.Register.i_click_on_Continue_button()">
                <span>And I click on Continue button</span>
      <div>
      </div>
              </div>
              <div class="step pass-bg" title="com.tutorialsninja.automation.stepdef.Register.i_should_see_user_is_restricted_from_creating_duplicate_account()">
                <span>Then I should see user is restricted from creating duplicate account</span>
      <div>
      </div>
              </div>
          </div>
        </div>
  </div>
</div>
          </div>
        </li>
        <li class="test-item"  status="pass" test-id="75"
          author=""
          tag=""
          device="">
          <div class="test-detail">
            <p class="name">Search functionality feature</p>
            <p class="text-sm">
              <span>10:20:33 AM</span> / <span>00:00:18:126</span>
              <span class="badge pass-bg log float-right">Pass</span>
            </p>
          </div>
          <div class="test-contents d-none">
<div class="detail-head">
<div class="p-v-10">
<div class="info">
<h5 class="test-status text-pass">Search functionality feature</h5>
<span class='badge badge-success'>04.26.2022 10:20:33</span>
<span class='badge badge-danger'>04.26.2022 10:20:52</span>
<span class='badge badge-default'>00:00:18:126</span>
&middot; <span class='uri-anchor badge badge-default'>#test-id=75</span>
</div>
<div class="m-t-10 m-l-5"></div>
</div>
</div>
<div class="accordion mt-4">
  <div class="card">
    <div class="card-header" role="tab">
      <div class="card-title">
        <div class="node" id="76"><span class="badge log pass-bg mr-2">Pass</span>Verify whether the User is able to search for products</div>
      </div>
    </div>
        <div class="collapse">
          <div class="card-body">
              <div class="step pass-bg" title="com.tutorialsninja.automation.stepdef.Register.i_launch_the_application()">
                <span>Given I launch the application</span>
      <div>
      </div>
              </div>
              <div class="step pass-bg" title="com.tutorialsninja.automation.stepdef.Search.i_search_for_a_product(java.lang.String)">
                <span>When I search for a product "Samsung SyncMaster 941BW"</span>
      <div>
      </div>
              </div>
              <div class="step pass-bg" title="com.tutorialsninja.automation.stepdef.Search.i_should_see_the_product_in_the_search_resultsil_address()">
                <span>Then I should see the product in the search resultsil address</span>
      <div>
      </div>
              </div>
          </div>
        </div>
  </div>
  <div class="card">
    <div class="card-header" role="tab">
      <div class="card-title">
        <div class="node" id="82"><span class="badge log pass-bg mr-2">Pass</span>Verify whether user is informed when product being searched is not available</div>
      </div>
    </div>
        <div class="collapse">
          <div class="card-body">
              <div class="step pass-bg" title="com.tutorialsninja.automation.stepdef.Register.i_launch_the_application()">
                <span>Given I launch the application</span>
      <div>
      </div>
              </div>
              <div class="step pass-bg" title="com.tutorialsninja.automation.stepdef.Search.i_search_for_a_product(java.lang.String)">
                <span>When I search for a product "Apple iphone"</span>
      <div>
      </div>
              </div>
              <div class="step pass-bg" title="com.tutorialsninja.automation.stepdef.Search.i_should_see_message(java.lang.String)">
                <span>Then I should see "There is no product that matches the search criteria." message</span>
      <div>
      </div>
              </div>
          </div>
        </div>
  </div>
</div>
          </div>
        </li>
      </ul>
    </div>
  </div>
<div class="test-content scrollable">
<div class="test-content-tools">
<ul><li><a class="back-to-test" href="#"><i class="fa fa-arrow-left"></i></a></li></ul>
</div>
<div class="test-content-detail"><div class="detail-body"></div></div>
</div></div>
<div class="test-wrapper row view category-view attributes-view">
<div class="test-list">
<div class="test-list-tools">
<ul class="tools pull-left"><li><a href=""><span class="font-size-14">Category</span></a></li></ul>
<ul class="tools text-right"><li><a href="#"><span class="badge badge-primary">2</span></a></li></ul>
</div>
<div class="test-list-wrapper scrollable">
<ul class="test-list-item">
<li class="test-item">
<div class="test-detail">
<span class="meta">
<span class='badge log badge-danger'>1</span>
</span>
<p class="name">@Two</p>
<p class="duration text-sm">1 tests</p>
</div>
<div class="test-contents d-none">
<div class="info">
<h4>@Two</h4>
<span status="fail" class='badge log badge-danger'>1 failed</span>
</div>
<table class='table table-sm mt-4'>
<thead>
<tr>
<th class="status-col">Status</th>
<th class="timestamp-col">Timestamp</th>
<th>TestName</th>
</tr>
</thead>
<tbody>
<tr class="tag-test-status" status="fail">
<td><span class="badge log fail-bg">Fail</span></td>
<td>10:19:05 AM</td>
<td>
<a href="#" class="linked" test-id='30' id='31'>Verify whether user is able to place an order</a>
<div class="">
<span class="badge badge-default">Order functionality Scenarios.Verify whether user is able to place an order</span>
</div>
</td>
</tr>
</tbody>
</table>
</div>
</li>
<li class="test-item">
<div class="test-detail">
<span class="meta">
<span class='badge log badge-danger'>2</span>
</span>
<p class="name">@Register</p>
<p class="duration text-sm">2 tests</p>
</div>
<div class="test-contents d-none">
<div class="info">
<h4>@Register</h4>
<span status="fail" class='badge log badge-danger'>2 failed</span>
</div>
<table class='table table-sm mt-4'>
<thead>
<tr>
<th class="status-col">Status</th>
<th class="timestamp-col">Timestamp</th>
<th>TestName</th>
</tr>
</thead>
<tbody>
<tr class="tag-test-status" status="fail">
<td><span class="badge log fail-bg">Fail</span></td>
<td>10:19:47 AM</td>
<td>
<a href="#" class="linked" test-id='38' id='39'>Verify whether the user is able to register into the application by providing all the fields</a>
<div class="">
<span class="badge badge-default">Registration functionality scenarios.Verify whether the user is able to register into the application by providing all the fields</span>
</div>
</td>
</tr>
<tr class="tag-test-status" status="fail">
<td><span class="badge log fail-bg">Fail</span></td>
<td>10:20:10 AM</td>
<td>
<a href="#" class="linked" test-id='38' id='56'>Verify whether the user is able to register into application by opting for Newsletter subscription</a>
<div class="">
<span class="badge badge-default">Registration functionality scenarios.Verify whether the user is able to register into application by opting for Newsletter subscription</span>
</div>
</td>
</tr>
</tbody>
</table>
</div>
</li>
</ul>
</div>
</div>
<div class="test-content scrollable">
<div class="test-content-detail">
<div class="detail-body"></div>
</div>
</div>
</div><div class="test-wrapper row view exception-view attributes-view">
<div class="test-list">
<div class="test-list-tools">
<ul class="tools pull-left"><li><a href=""><span class="font-size-14">Exception</span></a></li></ul>
<ul class="tools text-right"><li><a href="#"><span class="badge badge-primary">2</span></a></li></ul>
</div>
<div class="test-list-wrapper scrollable">
<ul class="test-list-item">
<li class="test-item">
<div class="test-detail">
<span class="meta">
<span class='badge log badge-danger'>1</span>
</span>
<p class="name">org.openqa.selenium.TimeoutException</p>
<p class="duration text-sm">1 tests</p>
</div>
<div class="test-contents d-none">
<div class="info">
<h4>org.openqa.selenium.TimeoutException</h4>
<span status="fail" class='badge log badge-danger'>1 failed</span>
</div>
<table class='table table-sm mt-4'>
<thead>
<tr>
<th class="status-col">Status</th>
<th class="timestamp-col">Timestamp</th>
<th>TestName</th>
</tr>
</thead>
<tbody>
<tr class="tag-test-status" status="fail">
<td><span class="badge log fail-bg">Fail</span></td>
<td>10:19:16 AM</td>
<td>
<a href="#" class="linked" test-id='30' id='35'>And I place an order</a>
<div class="">
<span class="badge badge-default">Order functionality Scenarios.Verify whether user is able to place an order.And I place an order</span>
</div>
</td>
</tr>
</tbody>
</table>
</div>
</li>
<li class="test-item">
<div class="test-detail">
<span class="meta">
<span class='badge log badge-danger'>1</span>
</span>
<p class="name">org.openqa.selenium.NoSuchElementException</p>
<p class="duration text-sm">1 tests</p>
</div>
<div class="test-contents d-none">
<div class="info">
<h4>org.openqa.selenium.NoSuchElementException</h4>
<span status="fail" class='badge log badge-danger'>1 failed</span>
</div>
<table class='table table-sm mt-4'>
<thead>
<tr>
<th class="status-col">Status</th>
<th class="timestamp-col">Timestamp</th>
<th>TestName</th>
</tr>
</thead>
<tbody>
<tr class="tag-test-status" status="fail">
<td><span class="badge log fail-bg">Fail</span></td>
<td>10:19:57 AM</td>
<td>
<a href="#" class="linked" test-id='38' id='46'>Then I should see that the User Account has successfully created</a>
<div class="">
<span class="badge badge-default">Registration functionality scenarios.Verify whether the user is able to register into the application by providing all the fields.Then I should see that the User Account has successfully created</span>
</div>
</td>
</tr>
<tr class="tag-test-status" status="fail">
<td><span class="badge log fail-bg">Fail</span></td>
<td>10:20:21 AM</td>
<td>
<a href="#" class="linked" test-id='38' id='64'>Then I should see that the User Account has successfully created</a>
<div class="">
<span class="badge badge-default">Registration functionality scenarios.Verify whether the user is able to register into application by opting for Newsletter subscription.Then I should see that the User Account has successfully created</span>
</div>
</td>
</tr>
</tbody>
</table>
</div>
</li>
</ul>
</div>
</div>
<div class="test-content scrollable">
<div class="test-content-detail">
<div class="detail-body"></div>
</div>
</div>
</div>        </div>
      </div>
    </div>
  </div>
<script src="https://cdn.jsdelivr.net/gh/extent-framework/extent-github-cdn@14e9bb345ef7e2ed3a102f271d84e9f0267c88e7/spark/js/spark-script.js"></script>
<script type="text/javascript"></script></body>
</html>