<?xml version="1.0" encoding="UTF-8" ?>
<testsuite tests="46" failures="0" name="com.tutorialsninja.automation.runner.TestRunner" time="5.198" errors="2" skipped="1">
  <properties>
    <property name="java.runtime.name" value="OpenJDK Runtime Environment"/>
    <property name="java.vm.version" value="11.0.7+10-LTS"/>
    <property name="sun.boot.library.path" value="C:\Program Files\Amazon Corretto\jdk11.0.7_10\bin"/>
    <property name="maven.multiModuleProjectDirectory" value="E:\EcommerceApplicationAutomation\EcomAutomation"/>
    <property name="java.vm.vendor" value="Amazon.com Inc."/>
    <property name="java.vendor.url" value="https://aws.amazon.com/corretto/"/>
    <property name="guice.disable.misplaced.annotation.check" value="true"/>
    <property name="path.separator" value=";"/>
    <property name="java.vm.name" value="OpenJDK 64-Bit Server VM"/>
    <property name="sun.os.patch.level" value=""/>
    <property name="user.script" value=""/>
    <property name="user.country" value="IN"/>
    <property name="sun.java.launcher" value="SUN_STANDARD"/>
    <property name="java.vm.specification.name" value="Java Virtual Machine Specification"/>
    <property name="user.dir" value="E:\EcommerceApplicationAutomation\EcomAutomation"/>
    <property name="java.vm.compressedOopsMode" value="Zero based"/>
    <property name="java.runtime.version" value="11.0.7+10-LTS"/>
    <property name="java.awt.graphicsenv" value="sun.awt.Win32GraphicsEnvironment"/>
    <property name="os.arch" value="amd64"/>
    <property name="java.io.tmpdir" value="C:\Users\USER\AppData\Local\Temp\"/>
    <property name="line.separator" value="
"/>
    <property name="java.vm.specification.vendor" value="Oracle Corporation"/>
    <property name="user.variant" value=""/>
    <property name="os.name" value="Windows 10"/>
    <property name="classworlds.conf" value="E:\New folder\.metadata\.plugins\org.eclipse.m2e.launching\launches\m2conf10500148316741427104.tmp"/>
    <property name="sun.jnu.encoding" value="Cp1252"/>
    <property name="java.library.path" value="C:\Program Files\Amazon Corretto\jdk11.0.7_10\bin;C:\Windows\Sun\Java\bin;C:\Windows\system32;C:\Windows;C:/Program Files/Amazon Corretto/jdk11.0.7_10/bin/server;C:/Program Files/Amazon Corretto/jdk11.0.7_10/bin;C:\Program Files\Amazon Corretto\jdk11.0.7_10\bin;C:\Users\USER\gcc\bin;C:\Users\USER\gcc\libexec\gcc\i686-pc-mingw32\7.0.1;C:\ProgramData\Oracle\Java\javapath;C:\Program Files (x86)\Python37-32\Scripts\;C:\Program Files (x86)\Python37-32\;C:\Windows\system32;C:\Windows;C:\Windows\System32\Wbem;C:\Windows\System32\WindowsPowerShell\v1.0\;C:\Windows\System32\OpenSSH\;C:\cygwin64\bin;C:\Program Files\nodejs\;C:\sqlite3;C:\Program Files\Git\cmd;C:\Program Files\Microsoft SQL Server\130\Tools\Binn\;C:\Program Files\Microsoft SQL Server\Client SDK\ODBC\170\Tools\Binn\;C:\xampp\mysql\bin;C:\Program Files\MySQL\MySQL Server 8.0\bin;C:\Program Files\dotnet\;C:\Program Files (x86)\Microsoft SQL Server\150\Tools\Binn\;C:\Program Files\Microsoft SQL Server\150\Tools\Binn\;C:\Program Files\Microsoft SQL Server\150\DTS\Binn\;C:\Program Files (x86)\Microsoft SQL Server\150\DTS\Binn\;C:\Program Files\PuTTY\;C:\Program Files\Docker\Docker\resources\bin;C:\ProgramData\DockerDesktop\version-bin;C:\HashiCorp\Vagrant\bin;C:\Program Files\Jenkins;C:\apache-maven-3.6.3\bin;C:\Program Files\Java\jdk1.8.0_271\bin;C:\Program Files\Amazon Corretto\jdk11.0.7_10\bin;C:\Users\USER\gcc\bin;C:\Users\USER\gcc\libexec\gcc\i686-pc-mingw32\7.0.1;C:\ProgramData\Oracle\Java\javapath;C:\Program Files (x86)\Python37-32\Scripts\;C:\Program Files (x86)\Python37-32\;C:\Windows\system32;C:\Windows;C:\Windows\System32\Wbem;C:\Windows\System32\WindowsPowerShell\v1.0\;C:\Windows\System32\OpenSSH\;C:\cygwin64\bin;C:\Program Files\nodejs\;C:\sqlite3;C:\Program Files\Git\cmd;C:\Program Files\Microsoft SQL Server\130\Tools\Binn\;C:\Program Files\Microsoft SQL Server\Client SDK\ODBC\170\Tools\Binn\;C:\xampp\mysql\bin;C:\Program Files\MySQL\MySQL Server 8.0\bin;C:\Program Files\dotnet\;C:\Program Files (x86)\Microsoft SQL Server\150\Tools\Binn\;C:\Program Files\Microsoft SQL Server\150\Tools\Binn\;C:\Program Files\Microsoft SQL Server\150\DTS\Binn\;C:\Program Files (x86)\Microsoft SQL Server\150\DTS\Binn\;C:\Program Files\PuTTY\;C:\Program Files\MySQL\MySQL Shell 8.0\bin\;C:\Users\USER\AppData\Local\Programs\Microsoft VS Code\bin;C:\Users\USER\A;C:\Users\USER\AppData\Roaming\npm;C:\Users\USER\AppData\Roaming\npm\node_modules\@angular\cli\bin;C:\Program Files\Jenkins;;C:\Windows\System32;;."/>
    <property name="jdk.debug" value="release"/>
    <property name="java.class.version" value="55.0"/>
    <property name="java.specification.name" value="Java Platform API Specification"/>
    <property name="sun.management.compiler" value="HotSpot 64-Bit Tiered Compilers"/>
    <property name="os.version" value="10.0"/>
    <property name="user.home" value="C:\Users\USER"/>
    <property name="user.timezone" value="Asia/Calcutta"/>
    <property name="java.awt.printerjob" value="sun.awt.windows.WPrinterJob"/>
    <property name="file.encoding" value="Cp1252"/>
    <property name="java.specification.version" value="11"/>
    <property name="user.name" value="USER"/>
    <property name="java.class.path" value="C:\Users\USER\.p2\pool\plugins\org.eclipse.m2e.maven.runtime_1.15.0.20200310-1832\jars\plexus-classworlds-2.6.0.jar"/>
    <property name="java.vm.specification.version" value="11"/>
    <property name="sun.arch.data.model" value="64"/>
    <property name="sun.java.command" value="org.codehaus.plexus.classworlds.launcher.Launcher -B test"/>
    <property name="java.home" value="C:\Program Files\Amazon Corretto\jdk11.0.7_10"/>
    <property name="user.language" value="en"/>
    <property name="java.specification.vendor" value="Oracle Corporation"/>
    <property name="awt.toolkit" value="sun.awt.windows.WToolkit"/>
    <property name="java.vm.info" value="mixed mode"/>
    <property name="java.version" value="11.0.7"/>
    <property name="java.vendor" value="Amazon.com Inc."/>
    <property name="maven.home" value="E:\EcommerceApplicationAutomation\EcomAutomation\EMBEDDED"/>
    <property name="file.separator" value="\"/>
    <property name="java.version.date" value="2020-04-14"/>
    <property name="java.vendor.url.bug" value="https://github.com/corretto/corretto-11/issues/"/>
    <property name="sun.io.unicode.encoding" value="UnicodeLittle"/>
    <property name="sun.cpu.endian" value="little"/>
    <property name="java.vendor.version" value="Corretto-11.0.7.10.1"/>
    <property name="sun.desktop" value="windows"/>
    <property name="sun.cpu.isalist" value="amd64"/>
  </properties>
  <testcase classname="Scenario: Verify whether the user is able to login with valid credentials" name="Given I launch the application" time="0.002"/>
  <testcase classname="Scenario: Verify whether the user is able to login with valid credentials" name="And I navigate to login page" time="0"/>
  <testcase classname="Scenario: Verify whether the user is able to login with valid credentials" name="When I Login to application using username &quot;tusharnangre5446@gmail.com&quot; and password &quot;tushar1234&quot;" time="0"/>
  <testcase classname="Scenario: Verify whether the user is able to login with valid credentials" name="Then I should see that user is able to login successfully" time="0"/>
  <testcase classname="Scenario: Verify whether the user is able to login with valid credentials" name="Scenario: Verify whether the user is able to login with valid credentials" time="0.647"/>
  <testcase classname="Scenario: Verify whether user is able to login with invalid credentials" name="Given I launch the application" time="0"/>
  <testcase classname="Scenario: Verify whether user is able to login with invalid credentials" name="And I navigate to login page" time="0"/>
  <testcase classname="Scenario: Verify whether user is able to login with invalid credentials" name="When I Login to application using username &quot;tusharnangre5446@gmail.com&quot; and password &quot;tushartest&quot;" time="0"/>
  <testcase classname="Scenario: Verify whether user is able to login with invalid credentials" name="Then I should see validation message for incorrect credentials" time="0"/>
  <testcase classname="Scenario: Verify whether user is able to login with invalid credentials" name="Scenario: Verify whether user is able to login with invalid credentials" time="0.648"/>
  <testcase classname="Scenario: Verify whether user is able to login without providing credentials" name="Given I launch the application" time="0"/>
  <testcase classname="Scenario: Verify whether user is able to login without providing credentials" name="And I navigate to login page" time="0"/>
  <testcase classname="Scenario: Verify whether user is able to login without providing credentials" name="When I Login to application using username &quot;&quot; and password &quot;&quot;" time="0"/>
  <testcase classname="Scenario: Verify whether user is able to login without providing credentials" name="Then I should see validation message for incorrect credentials" time="0"/>
  <testcase classname="Scenario: Verify whether user is able to login without providing credentials" name="Scenario: Verify whether user is able to login without providing credentials" time="0.63"/>
  <testcase classname="Scenario: Verify whether user is able to reset the forgotten password" name="Given I launch the application" time="0"/>
  <testcase classname="Scenario: Verify whether user is able to reset the forgotten password" name="And I navigate to login page" time="0"/>
  <testcase classname="Scenario: Verify whether user is able to reset the forgotten password" name="When I reset the forgotten password for email &quot;tusharnangre5446@gmail.com&quot;" time="0"/>
  <testcase classname="Scenario: Verify whether user is able to reset the forgotten password" name="Then I should see a message informing the user that information related to resetting password have been sent to email address" time="0"/>
  <testcase classname="Scenario: Verify whether user is able to reset the forgotten password" name="Scenario: Verify whether user is able to reset the forgotten password" time="0.654"/>
  <testcase classname="Scenario: Verify whether user is able to place an order" name="Given I login to the application" time="0"/>
  <testcase classname="Scenario: Verify whether user is able to place an order" name="When I add any product to Bag and checkout" time="0"/>
  <testcase classname="Scenario: Verify whether user is able to place an order" name="And I place an order" time="0.005">
    <error message="Expected condition failed: waiting for com.tutorialsninja.automation.framework.Waits$$Lambda$212/0x00000008003a5c40@4e682398 (tried for 30 second(s) with 500 milliseconds interval)" type="org.openqa.selenium.TimeoutException">org.openqa.selenium.TimeoutException: Expected condition failed: waiting for com.tutorialsninja.automation.framework.Waits$$Lambda$212/0x00000008003a5c40@4e682398 (tried for 30 second(s) with 500 milliseconds interval)
	at org.openqa.selenium.support.ui.WebDriverWait.timeoutException(WebDriverWait.java:81)
	at org.openqa.selenium.support.ui.FluentWait.until(FluentWait.java:271)
	at com.tutorialsninja.automation.framework.Waits.waitUntil(Waits.java:81)
	at com.tutorialsninja.automation.framework.Waits.waitUntil(Waits.java:85)
	at com.tutorialsninja.automation.framework.Elements.click(Elements.java:147)
	at com.tutorialsninja.automation.pages.CheckoutPage.placeAnOrder(CheckoutPage.java:36)
	at com.tutorialsninja.automation.stepdef.Order.i_place_an_order(Order.java:47)
	at ✽.And I place an order(FeatureFiles/Order.feature:7)
Caused by: org.openqa.selenium.NoSuchElementException: no such element: Unable to locate element: {&quot;method&quot;:&quot;css selector&quot;,&quot;selector&quot;:&quot;#button\-payment\-address&quot;}
  (Session info: chrome=99.0.4844.51)
For documentation on this error, please visit: http://seleniumhq.org/exceptions/no_such_element.html
Build info: version: &apos;3.11.0&apos;, revision: &apos;e59cfb3&apos;, time: &apos;2018-03-11T20:26:55.152Z&apos;
System info: host: &apos;7USHAR&apos;, ip: &apos;172.29.40.225&apos;, os.name: &apos;Windows 10&apos;, os.arch: &apos;amd64&apos;, os.version: &apos;10.0&apos;, java.version: &apos;11.0.7&apos;
Driver info: org.openqa.selenium.chrome.ChromeDriver
Capabilities {acceptInsecureCerts: false, browserName: chrome, browserVersion: 99.0.4844.51, chrome: {chromedriverVersion: 99.0.4844.51 (d537ec02474b5..., userDataDir: C:\Users\USER\AppData\Local...}, goog:chromeOptions: {debuggerAddress: localhost:64624}, javascriptEnabled: true, networkConnectionEnabled: false, pageLoadStrategy: normal, platform: WINDOWS, platformName: WINDOWS, proxy: Proxy(), setWindowRect: true, strictFileInteractability: false, timeouts: {implicit: 0, pageLoad: 300000, script: 30000}, unhandledPromptBehavior: dismiss and notify, webauthn:extension:credBlob: true, webauthn:extension:largeBlob: true, webauthn:virtualAuthenticators: true}
Session ID: b9081ec4e5fadd02f2e19bccf64f7838
*** Element info: {Using=id, value=button-payment-address}
	at jdk.internal.reflect.GeneratedConstructorAccessor15.newInstance(Unknown Source)
	at java.base/jdk.internal.reflect.DelegatingConstructorAccessorImpl.newInstance(DelegatingConstructorAccessorImpl.java:45)
	at java.base/java.lang.reflect.Constructor.newInstance(Constructor.java:490)
	at org.openqa.selenium.remote.http.W3CHttpResponseCodec.createException(W3CHttpResponseCodec.java:187)
	at org.openqa.selenium.remote.http.W3CHttpResponseCodec.decode(W3CHttpResponseCodec.java:122)
	at org.openqa.selenium.remote.http.W3CHttpResponseCodec.decode(W3CHttpResponseCodec.java:49)
	at org.openqa.selenium.remote.HttpCommandExecutor.execute(HttpCommandExecutor.java:158)
	at org.openqa.selenium.remote.service.DriverCommandExecutor.execute(DriverCommandExecutor.java:83)
	at org.openqa.selenium.remote.RemoteWebDriver.execute(RemoteWebDriver.java:545)
	at org.openqa.selenium.remote.RemoteWebDriver.findElement(RemoteWebDriver.java:319)
	at org.openqa.selenium.remote.RemoteWebDriver.findElementById(RemoteWebDriver.java:365)
	at org.openqa.selenium.By$ById.findElement(By.java:218)
	at org.openqa.selenium.remote.RemoteWebDriver.findElement(RemoteWebDriver.java:311)
	at org.openqa.selenium.support.pagefactory.DefaultElementLocator.findElement(DefaultElementLocator.java:69)
	at org.openqa.selenium.support.pagefactory.internal.LocatingElementHandler.invoke(LocatingElementHandler.java:38)
	at com.sun.proxy.$Proxy22.isDisplayed(Unknown Source)
	at com.tutorialsninja.automation.framework.Elements.isDisplayed(Elements.java:96)
	at com.tutorialsninja.automation.framework.Elements.lambda$0(Elements.java:147)
	at com.tutorialsninja.automation.framework.Waits.lambda$0(Waits.java:81)
	at org.openqa.selenium.support.ui.FluentWait.until(FluentWait.java:248)
	at com.tutorialsninja.automation.framework.Waits.waitUntil(Waits.java:81)
	at com.tutorialsninja.automation.framework.Waits.waitUntil(Waits.java:85)
	at com.tutorialsninja.automation.framework.Elements.click(Elements.java:147)
	at com.tutorialsninja.automation.pages.CheckoutPage.placeAnOrder(CheckoutPage.java:36)
	at com.tutorialsninja.automation.stepdef.Order.i_place_an_order(Order.java:47)
	at java.base/jdk.internal.reflect.NativeMethodAccessorImpl.invoke0(Native Method)
	at java.base/jdk.internal.reflect.NativeMethodAccessorImpl.invoke(NativeMethodAccessorImpl.java:62)
	at java.base/jdk.internal.reflect.DelegatingMethodAccessorImpl.invoke(DelegatingMethodAccessorImpl.java:43)
	at java.base/java.lang.reflect.Method.invoke(Method.java:566)
	at cucumber.runtime.Utils$1.call(Utils.java:40)
	at cucumber.runtime.Timeout.timeout(Timeout.java:16)
	at cucumber.runtime.Utils.invoke(Utils.java:34)
	at cucumber.runtime.java.JavaStepDefinition.execute(JavaStepDefinition.java:38)
	at cucumber.runtime.StepDefinitionMatch.runStep(StepDefinitionMatch.java:37)
	at cucumber.runtime.Runtime.runStep(Runtime.java:300)
	at cucumber.runtime.model.StepContainer.runStep(StepContainer.java:44)
	at cucumber.runtime.model.StepContainer.runSteps(StepContainer.java:39)
	at cucumber.runtime.model.CucumberScenario.run(CucumberScenario.java:44)
	at cucumber.runtime.junit.ExecutionUnitRunner.run(ExecutionUnitRunner.java:102)
	at cucumber.runtime.junit.FeatureRunner.runChild(FeatureRunner.java:63)
	at cucumber.runtime.junit.FeatureRunner.runChild(FeatureRunner.java:18)
	at org.junit.runners.ParentRunner$3.run(ParentRunner.java:290)
	at org.junit.runners.ParentRunner$1.schedule(ParentRunner.java:71)
	at org.junit.runners.ParentRunner.runChildren(ParentRunner.java:288)
	at org.junit.runners.ParentRunner.access$000(ParentRunner.java:58)
	at org.junit.runners.ParentRunner$2.evaluate(ParentRunner.java:268)
	at org.junit.runners.ParentRunner.run(ParentRunner.java:363)
	at cucumber.runtime.junit.FeatureRunner.run(FeatureRunner.java:70)
	at cucumber.api.junit.Cucumber.runChild(Cucumber.java:95)
	at cucumber.api.junit.Cucumber.runChild(Cucumber.java:38)
	at org.junit.runners.ParentRunner$3.run(ParentRunner.java:290)
	at org.junit.runners.ParentRunner$1.schedule(ParentRunner.java:71)
	at org.junit.runners.ParentRunner.runChildren(ParentRunner.java:288)
	at org.junit.runners.ParentRunner.access$000(ParentRunner.java:58)
	at org.junit.runners.ParentRunner$2.evaluate(ParentRunner.java:268)
	at org.junit.runners.ParentRunner.run(ParentRunner.java:363)
	at cucumber.api.junit.Cucumber.run(Cucumber.java:100)
	at org.apache.maven.surefire.junit4.JUnit4Provider.execute(JUnit4Provider.java:252)
	at org.apache.maven.surefire.junit4.JUnit4Provider.executeTestSet(JUnit4Provider.java:141)
	at org.apache.maven.surefire.junit4.JUnit4Provider.invoke(JUnit4Provider.java:112)
	at java.base/jdk.internal.reflect.NativeMethodAccessorImpl.invoke0(Native Method)
	at java.base/jdk.internal.reflect.NativeMethodAccessorImpl.invoke(NativeMethodAccessorImpl.java:62)
	at java.base/jdk.internal.reflect.DelegatingMethodAccessorImpl.invoke(DelegatingMethodAccessorImpl.java:43)
	at java.base/java.lang.reflect.Method.invoke(Method.java:566)
	at org.apache.maven.surefire.util.ReflectionUtils.invokeMethodWithArray(ReflectionUtils.java:189)
	at org.apache.maven.surefire.booter.ProviderFactory$ProviderProxy.invoke(ProviderFactory.java:165)
	at org.apache.maven.surefire.booter.ProviderFactory.invokeProvider(ProviderFactory.java:85)
	at org.apache.maven.surefire.booter.ForkedBooter.runSuitesInProcess(ForkedBooter.java:115)
	at org.apache.maven.surefire.booter.ForkedBooter.main(ForkedBooter.java:75)
</error>
  </testcase>
  <testcase classname="Scenario: Verify whether user is able to place an order" name="Scenario: Verify whether user is able to place an order" time="0.006">
    <error message="Expected condition failed: waiting for com.tutorialsninja.automation.framework.Waits$$Lambda$212/0x00000008003a5c40@4e682398 (tried for 30 second(s) with 500 milliseconds interval)" type="org.openqa.selenium.TimeoutException">org.openqa.selenium.TimeoutException: Expected condition failed: waiting for com.tutorialsninja.automation.framework.Waits$$Lambda$212/0x00000008003a5c40@4e682398 (tried for 30 second(s) with 500 milliseconds interval)
	at org.openqa.selenium.support.ui.WebDriverWait.timeoutException(WebDriverWait.java:81)
	at org.openqa.selenium.support.ui.FluentWait.until(FluentWait.java:271)
	at com.tutorialsninja.automation.framework.Waits.waitUntil(Waits.java:81)
	at com.tutorialsninja.automation.framework.Waits.waitUntil(Waits.java:85)
	at com.tutorialsninja.automation.framework.Elements.click(Elements.java:147)
	at com.tutorialsninja.automation.pages.CheckoutPage.placeAnOrder(CheckoutPage.java:36)
	at com.tutorialsninja.automation.stepdef.Order.i_place_an_order(Order.java:47)
	at ✽.And I place an order(FeatureFiles/Order.feature:7)
Caused by: org.openqa.selenium.NoSuchElementException: no such element: Unable to locate element: {&quot;method&quot;:&quot;css selector&quot;,&quot;selector&quot;:&quot;#button\-payment\-address&quot;}
  (Session info: chrome=99.0.4844.51)
For documentation on this error, please visit: http://seleniumhq.org/exceptions/no_such_element.html
Build info: version: &apos;3.11.0&apos;, revision: &apos;e59cfb3&apos;, time: &apos;2018-03-11T20:26:55.152Z&apos;
System info: host: &apos;7USHAR&apos;, ip: &apos;172.29.40.225&apos;, os.name: &apos;Windows 10&apos;, os.arch: &apos;amd64&apos;, os.version: &apos;10.0&apos;, java.version: &apos;11.0.7&apos;
Driver info: org.openqa.selenium.chrome.ChromeDriver
Capabilities {acceptInsecureCerts: false, browserName: chrome, browserVersion: 99.0.4844.51, chrome: {chromedriverVersion: 99.0.4844.51 (d537ec02474b5..., userDataDir: C:\Users\USER\AppData\Local...}, goog:chromeOptions: {debuggerAddress: localhost:64624}, javascriptEnabled: true, networkConnectionEnabled: false, pageLoadStrategy: normal, platform: WINDOWS, platformName: WINDOWS, proxy: Proxy(), setWindowRect: true, strictFileInteractability: false, timeouts: {implicit: 0, pageLoad: 300000, script: 30000}, unhandledPromptBehavior: dismiss and notify, webauthn:extension:credBlob: true, webauthn:extension:largeBlob: true, webauthn:virtualAuthenticators: true}
Session ID: b9081ec4e5fadd02f2e19bccf64f7838
*** Element info: {Using=id, value=button-payment-address}
	at jdk.internal.reflect.GeneratedConstructorAccessor15.newInstance(Unknown Source)
	at java.base/jdk.internal.reflect.DelegatingConstructorAccessorImpl.newInstance(DelegatingConstructorAccessorImpl.java:45)
	at java.base/java.lang.reflect.Constructor.newInstance(Constructor.java:490)
	at org.openqa.selenium.remote.http.W3CHttpResponseCodec.createException(W3CHttpResponseCodec.java:187)
	at org.openqa.selenium.remote.http.W3CHttpResponseCodec.decode(W3CHttpResponseCodec.java:122)
	at org.openqa.selenium.remote.http.W3CHttpResponseCodec.decode(W3CHttpResponseCodec.java:49)
	at org.openqa.selenium.remote.HttpCommandExecutor.execute(HttpCommandExecutor.java:158)
	at org.openqa.selenium.remote.service.DriverCommandExecutor.execute(DriverCommandExecutor.java:83)
	at org.openqa.selenium.remote.RemoteWebDriver.execute(RemoteWebDriver.java:545)
	at org.openqa.selenium.remote.RemoteWebDriver.findElement(RemoteWebDriver.java:319)
	at org.openqa.selenium.remote.RemoteWebDriver.findElementById(RemoteWebDriver.java:365)
	at org.openqa.selenium.By$ById.findElement(By.java:218)
	at org.openqa.selenium.remote.RemoteWebDriver.findElement(RemoteWebDriver.java:311)
	at org.openqa.selenium.support.pagefactory.DefaultElementLocator.findElement(DefaultElementLocator.java:69)
	at org.openqa.selenium.support.pagefactory.internal.LocatingElementHandler.invoke(LocatingElementHandler.java:38)
	at com.sun.proxy.$Proxy22.isDisplayed(Unknown Source)
	at com.tutorialsninja.automation.framework.Elements.isDisplayed(Elements.java:96)
	at com.tutorialsninja.automation.framework.Elements.lambda$0(Elements.java:147)
	at com.tutorialsninja.automation.framework.Waits.lambda$0(Waits.java:81)
	at org.openqa.selenium.support.ui.FluentWait.until(FluentWait.java:248)
	at com.tutorialsninja.automation.framework.Waits.waitUntil(Waits.java:81)
	at com.tutorialsninja.automation.framework.Waits.waitUntil(Waits.java:85)
	at com.tutorialsninja.automation.framework.Elements.click(Elements.java:147)
	at com.tutorialsninja.automation.pages.CheckoutPage.placeAnOrder(CheckoutPage.java:36)
	at com.tutorialsninja.automation.stepdef.Order.i_place_an_order(Order.java:47)
	at java.base/jdk.internal.reflect.NativeMethodAccessorImpl.invoke0(Native Method)
	at java.base/jdk.internal.reflect.NativeMethodAccessorImpl.invoke(NativeMethodAccessorImpl.java:62)
	at java.base/jdk.internal.reflect.DelegatingMethodAccessorImpl.invoke(DelegatingMethodAccessorImpl.java:43)
	at java.base/java.lang.reflect.Method.invoke(Method.java:566)
	at cucumber.runtime.Utils$1.call(Utils.java:40)
	at cucumber.runtime.Timeout.timeout(Timeout.java:16)
	at cucumber.runtime.Utils.invoke(Utils.java:34)
	at cucumber.runtime.java.JavaStepDefinition.execute(JavaStepDefinition.java:38)
	at cucumber.runtime.StepDefinitionMatch.runStep(StepDefinitionMatch.java:37)
	at cucumber.runtime.Runtime.runStep(Runtime.java:300)
	at cucumber.runtime.model.StepContainer.runStep(StepContainer.java:44)
	at cucumber.runtime.model.StepContainer.runSteps(StepContainer.java:39)
	at cucumber.runtime.model.CucumberScenario.run(CucumberScenario.java:44)
	at cucumber.runtime.junit.ExecutionUnitRunner.run(ExecutionUnitRunner.java:102)
	at cucumber.runtime.junit.FeatureRunner.runChild(FeatureRunner.java:63)
	at cucumber.runtime.junit.FeatureRunner.runChild(FeatureRunner.java:18)
	at org.junit.runners.ParentRunner$3.run(ParentRunner.java:290)
	at org.junit.runners.ParentRunner$1.schedule(ParentRunner.java:71)
	at org.junit.runners.ParentRunner.runChildren(ParentRunner.java:288)
	at org.junit.runners.ParentRunner.access$000(ParentRunner.java:58)
	at org.junit.runners.ParentRunner$2.evaluate(ParentRunner.java:268)
	at org.junit.runners.ParentRunner.run(ParentRunner.java:363)
	at cucumber.runtime.junit.FeatureRunner.run(FeatureRunner.java:70)
	at cucumber.api.junit.Cucumber.runChild(Cucumber.java:95)
	at cucumber.api.junit.Cucumber.runChild(Cucumber.java:38)
	at org.junit.runners.ParentRunner$3.run(ParentRunner.java:290)
	at org.junit.runners.ParentRunner$1.schedule(ParentRunner.java:71)
	at org.junit.runners.ParentRunner.runChildren(ParentRunner.java:288)
	at org.junit.runners.ParentRunner.access$000(ParentRunner.java:58)
	at org.junit.runners.ParentRunner$2.evaluate(ParentRunner.java:268)
	at org.junit.runners.ParentRunner.run(ParentRunner.java:363)
	at cucumber.api.junit.Cucumber.run(Cucumber.java:100)
	at org.apache.maven.surefire.junit4.JUnit4Provider.execute(JUnit4Provider.java:252)
	at org.apache.maven.surefire.junit4.JUnit4Provider.executeTestSet(JUnit4Provider.java:141)
	at org.apache.maven.surefire.junit4.JUnit4Provider.invoke(JUnit4Provider.java:112)
	at java.base/jdk.internal.reflect.NativeMethodAccessorImpl.invoke0(Native Method)
	at java.base/jdk.internal.reflect.NativeMethodAccessorImpl.invoke(NativeMethodAccessorImpl.java:62)
	at java.base/jdk.internal.reflect.DelegatingMethodAccessorImpl.invoke(DelegatingMethodAccessorImpl.java:43)
	at java.base/java.lang.reflect.Method.invoke(Method.java:566)
	at org.apache.maven.surefire.util.ReflectionUtils.invokeMethodWithArray(ReflectionUtils.java:189)
	at org.apache.maven.surefire.booter.ProviderFactory$ProviderProxy.invoke(ProviderFactory.java:165)
	at org.apache.maven.surefire.booter.ProviderFactory.invokeProvider(ProviderFactory.java:85)
	at org.apache.maven.surefire.booter.ForkedBooter.runSuitesInProcess(ForkedBooter.java:115)
	at org.apache.maven.surefire.booter.ForkedBooter.main(ForkedBooter.java:75)
</error>
  </testcase>
  <testcase classname="Scenario: Verify whether user is able to place an order" name="Then I should see that the order is placed successfully" time="0.007">
    <skipped/>
  </testcase>
  <testcase classname="Scenario: Verify whether the user is allowed or not to register on skipping mandatory fields" name="Given I launch the application" time="0"/>
  <testcase classname="Scenario: Verify whether the user is allowed or not to register on skipping mandatory fields" name="And I navigate to Account Registration page" time="0"/>
  <testcase classname="Scenario: Verify whether the user is allowed or not to register on skipping mandatory fields" name="And I click on Continue button" time="0"/>
  <testcase classname="Scenario: Verify whether the user is allowed or not to register on skipping mandatory fields" name="Then I should see that the user Account is not created" time="0"/>
  <testcase classname="Scenario: Verify whether the user is allowed or not to register on skipping mandatory fields" name="And I should see error message informing the user to fill the mandatory fields" time="0"/>
  <testcase classname="Scenario: Verify whether the user is allowed or not to register on skipping mandatory fields" name="Scenario: Verify whether the user is allowed or not to register on skipping mandatory fields" time="0.653"/>
  <testcase classname="Scenario: Verify whether the user is restricted from creating a duplicate account" name="Given I launch the application" time="0"/>
  <testcase classname="Scenario: Verify whether the user is restricted from creating a duplicate account" name="And I navigate to Account Registration page" time="0"/>
  <testcase classname="Scenario: Verify whether the user is restricted from creating a duplicate account" name="When I provide all the below valid details" time="0"/>
  <testcase classname="Scenario: Verify whether the user is restricted from creating a duplicate account" name="And I select the Privacy Policy" time="0"/>
  <testcase classname="Scenario: Verify whether the user is restricted from creating a duplicate account" name="And I click on Continue button" time="0"/>
  <testcase classname="Scenario: Verify whether the user is restricted from creating a duplicate account" name="Then I should see user is restricted from creating duplicate account" time="0"/>
  <testcase classname="Scenario: Verify whether the user is restricted from creating a duplicate account" name="Scenario: Verify whether the user is restricted from creating a duplicate account" time="0.664"/>
  <testcase classname="Scenario: Verify whether the User is able to search for products" name="Given I launch the application" time="0"/>
  <testcase classname="Scenario: Verify whether the User is able to search for products" name="When I search for a product &quot;Samsung SyncMaster 941BW&quot;" time="0"/>
  <testcase classname="Scenario: Verify whether the User is able to search for products" name="Then I should see the product in the search resultsil address" time="0"/>
  <testcase classname="Scenario: Verify whether the User is able to search for products" name="Scenario: Verify whether the User is able to search for products" time="0.613"/>
  <testcase classname="Scenario: Verify whether user is informed when product being searched is not available" name="Given I launch the application" time="0"/>
  <testcase classname="Scenario: Verify whether user is informed when product being searched is not available" name="When I search for a product &quot;Apple iphone&quot;" time="0"/>
  <testcase classname="Scenario: Verify whether user is informed when product being searched is not available" name="Then I should see &quot;There is no product that matches the search criteria.&quot; message" time="0"/>
  <testcase classname="Scenario: Verify whether user is informed when product being searched is not available" name="Scenario: Verify whether user is informed when product being searched is not available" time="0.669"/>
</testsuite>